<?xml version="1.0" encoding="utf-8"?>
<coverage line-rate="0.4506" branch-rate="0.35009999999999997" version="1.9" timestamp="1758043585" lines-covered="2591" lines-valid="5750" branches-covered="367" branches-valid="1048">
  <sources>
    <source>c:\Users\brand\Desktop\BCMTrac Auth Service\AuthenticationAPI\</source>
  </sources>
  <packages>
    <package name="AuthenticationAPI" line-rate="0.4506" branch-rate="0.35009999999999997" complexity="1425">
      <classes>
        <class name="Program" filename="Program.cs" line-rate="0" branch-rate="1" complexity="1">
          <methods>
            <method name="&lt;&lt;Main&gt;$&gt;g__WriteHealthResponse|0_23" signature="(Microsoft.AspNetCore.Http.HttpContext,Microsoft.Extensions.Diagnostics.HealthChecks.HealthReport)" line-rate="0" branch-rate="1" complexity="1">
              <lines>
                <line number="577" hits="0" branch="False" />
                <line number="578" hits="0" branch="False" />
                <line number="579" hits="0" branch="False" />
                <line number="580" hits="0" branch="False" />
                <line number="581" hits="0" branch="False" />
                <line number="582" hits="0" branch="False" />
                <line number="583" hits="0" branch="False" />
                <line number="584" hits="0" branch="False" />
                <line number="585" hits="0" branch="False" />
                <line number="586" hits="0" branch="False" />
              </lines>
            </method>
          </methods>
          <lines>
            <line number="577" hits="0" branch="False" />
            <line number="578" hits="0" branch="False" />
            <line number="579" hits="0" branch="False" />
            <line number="580" hits="0" branch="False" />
            <line number="581" hits="0" branch="False" />
            <line number="582" hits="0" branch="False" />
            <line number="583" hits="0" branch="False" />
            <line number="584" hits="0" branch="False" />
            <line number="585" hits="0" branch="False" />
            <line number="586" hits="0" branch="False" />
          </lines>
        </class>
        <class name="Program/&lt;&lt;Main&gt;$&gt;d__0" filename="Program.cs" line-rate="0.6257" branch-rate="0.39280000000000004" complexity="112">
          <methods>
            <method name="MoveNext" signature="()" line-rate="0.6257" branch-rate="0.39280000000000004" complexity="112">
              <lines>
                <line number="36" hits="7" branch="False" />
                <line number="39" hits="7" branch="False" />
                <line number="40" hits="7" branch="False" />
                <line number="41" hits="7" branch="False" />
                <line number="42" hits="7" branch="False" />
                <line number="44" hits="7" branch="False" />
                <line number="45" hits="7" branch="False" />
                <line number="46" hits="14" branch="False" />
                <line number="47" hits="14" branch="False" />
                <line number="48" hits="14" branch="False" />
                <line number="49" hits="21" branch="False" />
                <line number="51" hits="7" branch="False" />
                <line number="52" hits="7" branch="False" />
                <line number="53" hits="7" branch="False" />
                <line number="54" hits="7" branch="False" />
                <line number="55" hits="7" branch="False" />
                <line number="56" hits="7" branch="False" />
                <line number="57" hits="7" branch="False" />
                <line number="59" hits="7" branch="False" />
                <line number="60" hits="0" branch="False" />
                <line number="61" hits="0" branch="False" />
                <line number="62" hits="0" branch="False" />
                <line number="63" hits="7" branch="False" />
                <line number="64" hits="7" branch="False" />
                <line number="65" hits="0" branch="False" />
                <line number="66" hits="0" branch="False" />
                <line number="67" hits="0" branch="False" />
                <line number="68" hits="7" branch="False" />
                <line number="70" hits="7" branch="False" />
                <line number="71" hits="9" branch="False" />
                <line number="72" hits="9" branch="True" condition-coverage="100% (2/2)">
                  <conditions>
                    <condition number="24" type="jump" coverage="100%" />
                  </conditions>
                </line>
                <line number="73" hits="9" branch="False" />
                <line number="74" hits="9" branch="False" />
                <line number="75" hits="9" branch="False" />
                <line number="76" hits="9" branch="False" />
                <line number="77" hits="9" branch="False" />
                <line number="78" hits="9" branch="False" />
                <line number="79" hits="9" branch="False" />
                <line number="80" hits="9" branch="False" />
                <line number="81" hits="9" branch="False" />
                <line number="82" hits="9" branch="False" />
                <line number="83" hits="9" branch="False" />
                <line number="84" hits="9" branch="False" />
                <line number="85" hits="9" branch="False" />
                <line number="86" hits="9" branch="False" />
                <line number="87" hits="7" branch="False" />
                <line number="88" hits="7" branch="False" />
                <line number="90" hits="7" branch="False" />
                <line number="92" hits="7" branch="False" />
                <line number="93" hits="7" branch="False" />
                <line number="94" hits="7" branch="False" />
                <line number="95" hits="7" branch="False" />
                <line number="96" hits="7" branch="False" />
                <line number="97" hits="14" branch="False" />
                <line number="98" hits="7" branch="False" />
                <line number="99" hits="7" branch="False" />
                <line number="100" hits="0" branch="False" />
                <line number="101" hits="0" branch="False" />
                <line number="102" hits="0" branch="False" />
                <line number="103" hits="0" branch="False" />
                <line number="104" hits="7" branch="False" />
                <line number="106" hits="7" branch="False" />
                <line number="107" hits="7" branch="False" />
                <line number="108" hits="7" branch="False" />
                <line number="109" hits="7" branch="False" />
                <line number="110" hits="7" branch="False" />
                <line number="111" hits="7" branch="False" />
                <line number="112" hits="7" branch="False" />
                <line number="113" hits="7" branch="False" />
                <line number="114" hits="7" branch="False" />
                <line number="115" hits="7" branch="False" />
                <line number="116" hits="14" branch="False" />
                <line number="118" hits="7" branch="False" />
                <line number="119" hits="7" branch="False" />
                <line number="120" hits="7" branch="False" />
                <line number="122" hits="7" branch="False" />
                <line number="123" hits="7" branch="False" />
                <line number="124" hits="7" branch="False" />
                <line number="125" hits="7" branch="False" />
                <line number="126" hits="7" branch="False" />
                <line number="127" hits="14" branch="False" />
                <line number="128" hits="7" branch="False" />
                <line number="129" hits="7" branch="False" />
                <line number="130" hits="7" branch="False" />
                <line number="131" hits="7" branch="False" />
                <line number="132" hits="14" branch="False" />
                <line number="133" hits="7" branch="False" />
                <line number="134" hits="7" branch="False" />
                <line number="135" hits="7" branch="False" />
                <line number="136" hits="0" branch="False" />
                <line number="137" hits="0" branch="False" />
                <line number="138" hits="0" branch="False" />
                <line number="139" hits="0" branch="False" />
                <line number="140" hits="0" branch="False" />
                <line number="141" hits="0" branch="False" />
                <line number="142" hits="0" branch="False" />
                <line number="143" hits="0" branch="False" />
                <line number="144" hits="0" branch="True" condition-coverage="0% (0/6)">
                  <conditions>
                    <condition number="105" type="jump" coverage="0%" />
                    <condition number="115" type="jump" coverage="0%" />
                    <condition number="131" type="jump" coverage="0%" />
                  </conditions>
                </line>
                <line number="145" hits="0" branch="False" />
                <line number="146" hits="0" branch="False" />
                <line number="147" hits="0" branch="False" />
                <line number="148" hits="0" branch="False" />
                <line number="149" hits="7" branch="False" />
                <line number="150" hits="14" branch="False" />
                <line number="152" hits="7" branch="False" />
                <line number="153" hits="7" branch="False" />
                <line number="154" hits="7" branch="False" />
                <line number="155" hits="7" branch="False" />
                <line number="156" hits="7" branch="False" />
                <line number="157" hits="7" branch="False" />
                <line number="158" hits="7" branch="False" />
                <line number="159" hits="7" branch="False" />
                <line number="160" hits="7" branch="False" />
                <line number="161" hits="7" branch="False" />
                <line number="162" hits="7" branch="False" />
                <line number="163" hits="7" branch="False" />
                <line number="164" hits="7" branch="False" />
                <line number="165" hits="7" branch="False" />
                <line number="166" hits="7" branch="False" />
                <line number="167" hits="7" branch="False" />
                <line number="168" hits="7" branch="False" />
                <line number="169" hits="7" branch="False" />
                <line number="170" hits="7" branch="False" />
                <line number="171" hits="7" branch="False" />
                <line number="172" hits="7" branch="False" />
                <line number="173" hits="7" branch="False" />
                <line number="174" hits="14" branch="False" />
                <line number="175" hits="7" branch="False" />
                <line number="177" hits="7" branch="True" condition-coverage="50% (1/2)">
                  <conditions>
                    <condition number="1189" type="jump" coverage="50%" />
                  </conditions>
                </line>
                <line number="178" hits="7" branch="False" />
                <line number="179" hits="0" branch="False" />
                <line number="180" hits="0" branch="False" />
                <line number="181" hits="0" branch="False" />
                <line number="182" hits="0" branch="False" />
                <line number="183" hits="0" branch="False" />
                <line number="184" hits="0" branch="False" />
                <line number="185" hits="0" branch="False" />
                <line number="186" hits="0" branch="False" />
                <line number="187" hits="0" branch="False" />
                <line number="188" hits="0" branch="False" />
                <line number="189" hits="0" branch="False" />
                <line number="190" hits="0" branch="False" />
                <line number="191" hits="0" branch="False" />
                <line number="192" hits="0" branch="False" />
                <line number="193" hits="0" branch="False" />
                <line number="194" hits="0" branch="True" condition-coverage="0% (0/2)">
                  <conditions>
                    <condition number="70" type="jump" coverage="0%" />
                  </conditions>
                </line>
                <line number="195" hits="0" branch="False" />
                <line number="196" hits="0" branch="False" />
                <line number="197" hits="0" branch="False" />
                <line number="198" hits="0" branch="False" />
                <line number="199" hits="0" branch="False" />
                <line number="200" hits="0" branch="False" />
                <line number="201" hits="0" branch="True" condition-coverage="0% (0/4)">
                  <conditions>
                    <condition number="12" type="jump" coverage="0%" />
                    <condition number="24" type="jump" coverage="0%" />
                  </conditions>
                </line>
                <line number="202" hits="0" branch="False" />
                <line number="203" hits="0" branch="False" />
                <line number="204" hits="0" branch="False" />
                <line number="205" hits="0" branch="False" />
                <line number="206" hits="0" branch="False" />
                <line number="207" hits="0" branch="False" />
                <line number="208" hits="0" branch="False" />
                <line number="209" hits="0" branch="False" />
                <line number="210" hits="0" branch="True" condition-coverage="0% (0/4)">
                  <conditions>
                    <condition number="12" type="jump" coverage="0%" />
                    <condition number="24" type="jump" coverage="0%" />
                  </conditions>
                </line>
                <line number="211" hits="0" branch="False" />
                <line number="212" hits="0" branch="False" />
                <line number="213" hits="0" branch="False" />
                <line number="214" hits="0" branch="False" />
                <line number="215" hits="0" branch="False" />
                <line number="216" hits="0" branch="False" />
                <line number="217" hits="0" branch="False" />
                <line number="218" hits="0" branch="False" />
                <line number="219" hits="0" branch="True" condition-coverage="0% (0/4)">
                  <conditions>
                    <condition number="12" type="jump" coverage="0%" />
                    <condition number="24" type="jump" coverage="0%" />
                  </conditions>
                </line>
                <line number="220" hits="0" branch="False" />
                <line number="221" hits="0" branch="False" />
                <line number="222" hits="0" branch="False" />
                <line number="223" hits="0" branch="False" />
                <line number="224" hits="0" branch="False" />
                <line number="225" hits="0" branch="False" />
                <line number="226" hits="0" branch="False" />
                <line number="227" hits="0" branch="False" />
                <line number="228" hits="0" branch="True" condition-coverage="0% (0/4)">
                  <conditions>
                    <condition number="12" type="jump" coverage="0%" />
                    <condition number="24" type="jump" coverage="0%" />
                  </conditions>
                </line>
                <line number="229" hits="0" branch="False" />
                <line number="230" hits="0" branch="False" />
                <line number="231" hits="0" branch="False" />
                <line number="232" hits="0" branch="False" />
                <line number="233" hits="0" branch="False" />
                <line number="234" hits="0" branch="False" />
                <line number="235" hits="0" branch="False" />
                <line number="236" hits="7" branch="False" />
                <line number="238" hits="7" branch="False" />
                <line number="239" hits="7" branch="False" />
                <line number="240" hits="7" branch="False" />
                <line number="241" hits="7" branch="True" condition-coverage="50% (1/2)">
                  <conditions>
                    <condition number="32" type="jump" coverage="50%" />
                  </conditions>
                </line>
                <line number="242" hits="7" branch="False" />
                <line number="243" hits="7" branch="False" />
                <line number="244" hits="7" branch="False" />
                <line number="245" hits="7" branch="True" condition-coverage="100% (2/2)">
                  <conditions>
                    <condition number="9" type="jump" coverage="100%" />
                  </conditions>
                </line>
                <line number="246" hits="7" branch="False" />
                <line number="247" hits="7" branch="False" />
                <line number="248" hits="14" branch="True" condition-coverage="100% (2/2)">
                  <conditions>
                    <condition number="66" type="jump" coverage="100%" />
                  </conditions>
                </line>
                <line number="249" hits="14" branch="False" />
                <line number="250" hits="14" branch="False" />
                <line number="252" hits="7" branch="False" />
                <line number="253" hits="7" branch="False" />
                <line number="254" hits="7" branch="False" />
                <line number="256" hits="7" branch="False" />
                <line number="257" hits="7" branch="False" />
                <line number="258" hits="7" branch="False" />
                <line number="259" hits="7" branch="False" />
                <line number="260" hits="7" branch="False" />
                <line number="261" hits="7" branch="False" />
                <line number="262" hits="7" branch="False" />
                <line number="263" hits="7" branch="False" />
                <line number="264" hits="7" branch="False" />
                <line number="265" hits="7" branch="False" />
                <line number="266" hits="7" branch="False" />
                <line number="267" hits="7" branch="False" />
                <line number="268" hits="7" branch="False" />
                <line number="269" hits="7" branch="False" />
                <line number="270" hits="7" branch="False" />
                <line number="272" hits="7" branch="False" />
                <line number="273" hits="7" branch="False" />
                <line number="274" hits="7" branch="False" />
                <line number="275" hits="7" branch="True" condition-coverage="50% (1/2)">
                  <conditions>
                    <condition number="1812" type="jump" coverage="50%" />
                  </conditions>
                </line>
                <line number="276" hits="7" branch="True" condition-coverage="50% (1/2)">
                  <conditions>
                    <condition number="1848" type="jump" coverage="50%" />
                  </conditions>
                </line>
                <line number="277" hits="7" branch="False" />
                <line number="278" hits="7" branch="True" condition-coverage="100% (2/2)">
                  <conditions>
                    <condition number="1877" type="jump" coverage="100%" />
                  </conditions>
                </line>
                <line number="279" hits="7" branch="False" />
                <line number="280" hits="7" branch="False" />
                <line number="282" hits="7" branch="True" condition-coverage="100% (2/2)">
                  <conditions>
                    <condition number="1960" type="jump" coverage="100%" />
                  </conditions>
                </line>
                <line number="283" hits="7" branch="False" />
                <line number="284" hits="7" branch="False" />
                <line number="285" hits="7" branch="False" />
                <line number="286" hits="7" branch="False" />
                <line number="287" hits="0" branch="True" condition-coverage="50% (1/2)">
                  <conditions>
                    <condition number="2009" type="jump" coverage="50%" />
                  </conditions>
                </line>
                <line number="288" hits="0" branch="False" />
                <line number="289" hits="0" branch="False" />
                <line number="290" hits="0" branch="True" condition-coverage="0% (0/2)">
                  <conditions>
                    <condition number="2065" type="jump" coverage="0%" />
                  </conditions>
                </line>
                <line number="291" hits="0" branch="False" />
                <line number="292" hits="0" branch="False" />
                <line number="293" hits="0" branch="True" condition-coverage="0% (0/6)">
                  <conditions>
                    <condition number="2143" type="jump" coverage="0%" />
                    <condition number="2156" type="jump" coverage="0%" />
                    <condition number="2176" type="jump" coverage="0%" />
                  </conditions>
                </line>
                <line number="294" hits="0" branch="False" />
                <line number="295" hits="0" branch="False" />
                <line number="298" hits="0" branch="False" />
                <line number="299" hits="0" branch="False" />
                <line number="300" hits="0" branch="False" />
                <line number="301" hits="0" branch="False" />
                <line number="303" hits="0" branch="False" />
                <line number="304" hits="0" branch="False" />
                <line number="305" hits="0" branch="False" />
                <line number="306" hits="0" branch="False" />
                <line number="307" hits="0" branch="False" />
                <line number="308" hits="0" branch="False" />
                <line number="309" hits="0" branch="False" />
                <line number="310" hits="0" branch="False" />
                <line number="311" hits="0" branch="False" />
                <line number="313" hits="0" branch="False" />
                <line number="314" hits="7" branch="False" />
                <line number="315" hits="7" branch="False" />
                <line number="316" hits="7" branch="True" condition-coverage="50% (1/2)">
                  <conditions>
                    <condition number="2564" type="jump" coverage="50%" />
                  </conditions>
                </line>
                <line number="317" hits="7" branch="False" />
                <line number="318" hits="7" branch="True" condition-coverage="50% (1/2)">
                  <conditions>
                    <condition number="2616" type="jump" coverage="50%" />
                  </conditions>
                </line>
                <line number="319" hits="0" branch="False" />
                <line number="320" hits="0" branch="False" />
                <line number="321" hits="0" branch="False" />
                <line number="322" hits="14" branch="False" />
                <line number="323" hits="7" branch="True" condition-coverage="50% (1/2)">
                  <conditions>
                    <condition number="2723" type="jump" coverage="50%" />
                  </conditions>
                </line>
                <line number="325" hits="7" branch="True" condition-coverage="50% (3/6)">
                  <conditions>
                    <condition number="2752" type="jump" coverage="50%" />
                    <condition number="2766" type="jump" coverage="50%" />
                    <condition number="2791" type="jump" coverage="50%" />
                  </conditions>
                </line>
                <line number="326" hits="0" branch="False" />
                <line number="327" hits="0" branch="False" />
                <line number="330" hits="7" branch="False" />
                <line number="331" hits="7" branch="False" />
                <line number="333" hits="7" branch="False" />
                <line number="334" hits="7" branch="False" />
                <line number="335" hits="14" branch="False" />
                <line number="336" hits="14" branch="False" />
                <line number="337" hits="7" branch="False" />
                <line number="338" hits="7" branch="True" condition-coverage="50% (1/2)">
                  <conditions>
                    <condition number="2957" type="jump" coverage="50%" />
                  </conditions>
                </line>
                <line number="339" hits="7" branch="False" />
                <line number="340" hits="7" branch="True" condition-coverage="50% (1/2)">
                  <conditions>
                    <condition number="3001" type="jump" coverage="50%" />
                  </conditions>
                </line>
                <line number="341" hits="0" branch="False" />
                <line number="342" hits="0" branch="True" condition-coverage="0% (0/2)">
                  <conditions>
                    <condition number="3029" type="jump" coverage="0%" />
                  </conditions>
                </line>
                <line number="343" hits="0" branch="False" />
                <line number="344" hits="0" branch="False" />
                <line number="345" hits="0" branch="False" />
                <line number="346" hits="0" branch="False" />
                <line number="348" hits="7" branch="False" />
                <line number="349" hits="7" branch="False" />
                <line number="350" hits="7" branch="False" />
                <line number="351" hits="7" branch="False" />
                <line number="353" hits="14" branch="False" />
                <line number="354" hits="14" branch="False" />
                <line number="355" hits="14" branch="False" />
                <line number="356" hits="14" branch="False" />
                <line number="357" hits="14" branch="False" />
                <line number="358" hits="14" branch="False" />
                <line number="359" hits="14" branch="False" />
                <line number="360" hits="14" branch="False" />
                <line number="361" hits="14" branch="False" />
                <line number="362" hits="14" branch="False" />
                <line number="363" hits="14" branch="False" />
                <line number="364" hits="14" branch="False" />
                <line number="366" hits="7" branch="False" />
                <line number="368" hits="7" branch="False" />
                <line number="369" hits="0" branch="False" />
                <line number="370" hits="0" branch="False" />
                <line number="371" hits="0" branch="False" />
                <line number="372" hits="7" branch="False" />
                <line number="374" hits="7" branch="False" />
                <line number="376" hits="7" branch="False" />
                <line number="378" hits="7" branch="True" condition-coverage="75% (3/4)">
                  <conditions>
                    <condition number="3319" type="jump" coverage="50%" />
                    <condition number="3360" type="jump" coverage="100%" />
                  </conditions>
                </line>
                <line number="379" hits="7" branch="False" />
                <line number="380" hits="7" branch="False" />
                <line number="381" hits="7" branch="False" />
                <line number="382" hits="7" branch="False" />
                <line number="383" hits="7" branch="False" />
                <line number="384" hits="35" branch="True" condition-coverage="100% (2/2)">
                  <conditions>
                    <condition number="82" type="jump" coverage="100%" />
                  </conditions>
                </line>
                <line number="385" hits="7" branch="False" />
                <line number="386" hits="7" branch="False" />
                <line number="387" hits="7" branch="False" />
                <line number="388" hits="7" branch="False" />
                <line number="389" hits="14" branch="False" />
                <line number="390" hits="7" branch="False" />
                <line number="391" hits="7" branch="False" />
                <line number="393" hits="7" branch="False" />
                <line number="394" hits="59" branch="False" />
                <line number="395" hits="59" branch="False" />
                <line number="396" hits="59" branch="False" />
                <line number="397" hits="59" branch="False" />
                <line number="398" hits="59" branch="False" />
                <line number="399" hits="59" branch="False" />
                <line number="400" hits="7" branch="False" />
                <line number="401" hits="59" branch="False" />
                <line number="402" hits="59" branch="False" />
                <line number="403" hits="59" branch="False" />
                <line number="404" hits="59" branch="False" />
                <line number="405" hits="59" branch="False" />
                <line number="406" hits="59" branch="False" />
                <line number="407" hits="7" branch="False" />
                <line number="408" hits="59" branch="False" />
                <line number="409" hits="66" branch="False" />
                <line number="410" hits="7" branch="False" />
                <line number="411" hits="7" branch="False" />
                <line number="412" hits="7" branch="True" condition-coverage="50% (1/2)">
                  <conditions>
                    <condition number="3589" type="jump" coverage="50%" />
                  </conditions>
                </line>
                <line number="413" hits="0" branch="False" />
                <line number="414" hits="0" branch="False" />
                <line number="415" hits="0" branch="False" />
                <line number="416" hits="7" branch="True" condition-coverage="50% (1/2)">
                  <conditions>
                    <condition number="3632" type="jump" coverage="50%" />
                  </conditions>
                </line>
                <line number="417" hits="7" branch="False" />
                <line number="418" hits="7" branch="True" condition-coverage="50% (1/2)">
                  <conditions>
                    <condition number="3684" type="jump" coverage="50%" />
                  </conditions>
                </line>
                <line number="419" hits="0" branch="False" />
                <line number="420" hits="0" branch="False" />
                <line number="421" hits="0" branch="False" />
                <line number="422" hits="0" branch="False" />
                <line number="423" hits="0" branch="False" />
                <line number="424" hits="0" branch="False" />
                <line number="425" hits="7" branch="True" condition-coverage="50% (2/4)">
                  <conditions>
                    <condition number="3739" type="jump" coverage="50%" />
                    <condition number="3780" type="jump" coverage="50%" />
                  </conditions>
                </line>
                <line number="426" hits="0" branch="False" />
                <line number="427" hits="0" branch="False" />
                <line number="428" hits="0" branch="False" />
                <line number="429" hits="7" branch="False" />
                <line number="430" hits="59" branch="False" />
                <line number="431" hits="59" branch="False" />
                <line number="432" hits="54" branch="False" />
                <line number="433" hits="54" branch="False" />
                <line number="434" hits="54" branch="False" />
                <line number="435" hits="54" branch="False" />
                <line number="436" hits="0" branch="False" />
                <line number="437" hits="0" branch="False" />
                <line number="438" hits="0" branch="False" />
                <line number="439" hits="0" branch="False" />
                <line number="440" hits="7" branch="False" />
                <line number="441" hits="54" branch="False" />
                <line number="442" hits="59" branch="False" />
                <line number="443" hits="47" branch="False" />
                <line number="444" hits="7" branch="False" />
                <line number="445" hits="7" branch="False" />
                <line number="447" hits="7" branch="True" condition-coverage="50% (1/2)">
                  <conditions>
                    <condition number="3916" type="jump" coverage="50%" />
                  </conditions>
                </line>
                <line number="448" hits="0" branch="False" />
                <line number="449" hits="0" branch="True" condition-coverage="0% (0/2)">
                  <conditions>
                    <condition number="3945" type="jump" coverage="0%" />
                  </conditions>
                </line>
                <line number="450" hits="0" branch="False" />
                <line number="451" hits="0" branch="True" condition-coverage="0% (0/2)">
                  <conditions>
                    <condition number="3980" type="jump" coverage="0%" />
                  </conditions>
                </line>
                <line number="452" hits="0" branch="False" />
                <line number="453" hits="0" branch="False" />
                <line number="456" hits="0" branch="False" />
                <line number="457" hits="0" branch="False" />
                <line number="458" hits="0" branch="False" />
                <line number="459" hits="0" branch="False" />
                <line number="460" hits="0" branch="False" />
                <line number="461" hits="0" branch="False" />
                <line number="462" hits="0" branch="False" />
                <line number="463" hits="0" branch="False" />
                <line number="464" hits="0" branch="False" />
                <line number="465" hits="0" branch="False" />
                <line number="467" hits="7" branch="False" />
                <line number="468" hits="59" branch="False" />
                <line number="469" hits="59" branch="False" />
                <line number="470" hits="59" branch="False" />
                <line number="471" hits="59" branch="False" />
                <line number="472" hits="0" branch="False" />
                <line number="473" hits="0" branch="False" />
                <line number="474" hits="0" branch="False" />
                <line number="475" hits="0" branch="False" />
                <line number="476" hits="0" branch="False" />
                <line number="477" hits="59" branch="False" />
                <line number="478" hits="47" branch="False" />
                <line number="480" hits="7" branch="False" />
                <line number="481" hits="7" branch="False" />
                <line number="482" hits="7" branch="True" condition-coverage="50% (1/2)">
                  <conditions>
                    <condition number="4154" type="jump" coverage="50%" />
                  </conditions>
                </line>
                <line number="483" hits="7" branch="False" />
                <line number="484" hits="7" branch="False" />
                <line number="485" hits="7" branch="True" condition-coverage="50% (1/2)">
                  <conditions>
                    <condition number="4206" type="jump" coverage="50%" />
                  </conditions>
                </line>
                <line number="486" hits="0" branch="False" />
                <line number="487" hits="0" branch="False" />
                <line number="488" hits="0" branch="False" />
                <line number="489" hits="7" branch="True" condition-coverage="50% (1/2)">
                  <conditions>
                    <condition number="4249" type="jump" coverage="50%" />
                  </conditions>
                </line>
                <line number="490" hits="7" branch="False" />
                <line number="491" hits="7" branch="False" />
                <line number="492" hits="7" branch="True" condition-coverage="50% (1/2)">
                  <conditions>
                    <condition number="4301" type="jump" coverage="50%" />
                  </conditions>
                </line>
                <line number="493" hits="0" branch="False" />
                <line number="494" hits="0" branch="False" />
                <line number="495" hits="0" branch="False" />
                <line number="497" hits="7" branch="False" />
                <line number="498" hits="7" branch="False" />
                <line number="499" hits="7" branch="False" />
                <line number="500" hits="7" branch="False" />
                <line number="502" hits="7" branch="False" />
                <line number="503" hits="7" branch="False" />
                <line number="504" hits="0" branch="False" />
                <line number="505" hits="7" branch="False" />
                <line number="506" hits="7" branch="False" />
                <line number="507" hits="7" branch="False" />
                <line number="508" hits="7" branch="False" />
                <line number="509" hits="0" branch="False" />
                <line number="510" hits="7" branch="False" />
                <line number="511" hits="7" branch="False" />
                <line number="513" hits="7" branch="False" />
                <line number="515" hits="7" branch="False" />
                <line number="516" hits="7" branch="False" />
                <line number="517" hits="7" branch="True" condition-coverage="50% (1/2)">
                  <conditions>
                    <condition number="4744" type="jump" coverage="50%" />
                  </conditions>
                </line>
                <line number="518" hits="7" branch="False" />
                <line number="519" hits="7" branch="False" />
                <line number="520" hits="7" branch="True" condition-coverage="100% (2/2)">
                  <conditions>
                    <condition number="4827" type="jump" coverage="100%" />
                  </conditions>
                </line>
                <line number="521" hits="7" branch="False" />
                <line number="523" hits="7" branch="False" />
                <line number="524" hits="7" branch="False" />
                <line number="525" hits="7" branch="False" />
                <line number="526" hits="0" branch="False" />
                <line number="527" hits="7" branch="False" />
                <line number="528" hits="7" branch="False" />
                <line number="529" hits="7" branch="False" />
                <line number="530" hits="7" branch="False" />
                <line number="533" hits="7" branch="False" />
                <line number="534" hits="7" branch="False" />
                <line number="535" hits="7" branch="False" />
                <line number="536" hits="7" branch="False" />
                <line number="537" hits="0" branch="False" />
                <line number="538" hits="0" branch="False" />
                <line number="539" hits="0" branch="False" />
                <line number="540" hits="0" branch="False" />
                <line number="541" hits="7" branch="False" />
                <line number="543" hits="7" branch="False" />
                <line number="544" hits="7" branch="True" condition-coverage="50% (1/2)">
                  <conditions>
                    <condition number="5289" type="jump" coverage="50%" />
                  </conditions>
                </line>
                <line number="545" hits="0" branch="False" />
                <line number="547" hits="0" branch="False" />
                <line number="548" hits="0" branch="False" />
                <line number="549" hits="0" branch="False" />
                <line number="550" hits="0" branch="False" />
                <line number="551" hits="0" branch="False" />
                <line number="552" hits="0" branch="True" condition-coverage="0% (0/4)">
                  <conditions>
                    <condition number="5616" type="jump" coverage="0%" />
                    <condition number="5639" type="jump" coverage="0%" />
                  </conditions>
                </line>
                <line number="553" hits="0" branch="False" />
                <line number="554" hits="0" branch="False" />
                <line number="555" hits="0" branch="False" />
                <line number="556" hits="0" branch="False" />
                <line number="557" hits="0" branch="False" />
                <line number="558" hits="0" branch="False" />
                <line number="559" hits="0" branch="False" />
                <line number="560" hits="0" branch="False" />
                <line number="561" hits="0" branch="False" />
                <line number="562" hits="7" branch="False" />
                <line number="563" hits="7" branch="True" condition-coverage="100% (2/2)">
                  <conditions>
                    <condition number="5870" type="jump" coverage="100%" />
                  </conditions>
                </line>
                <line number="564" hits="7" branch="False" />
                <line number="565" hits="7" branch="False" />
                <line number="566" hits="7" branch="False" />
                <line number="567" hits="7" branch="False" />
                <line number="568" hits="7" branch="False" />
                <line number="569" hits="7" branch="False" />
                <line number="570" hits="7" branch="False" />
                <line number="572" hits="7" branch="False" />
                <line number="574" hits="7" branch="False" />
              </lines>
            </method>
          </methods>
          <lines>
            <line number="36" hits="7" branch="False" />
            <line number="39" hits="7" branch="False" />
            <line number="40" hits="7" branch="False" />
            <line number="41" hits="7" branch="False" />
            <line number="42" hits="7" branch="False" />
            <line number="44" hits="7" branch="False" />
            <line number="45" hits="7" branch="False" />
            <line number="46" hits="14" branch="False" />
            <line number="47" hits="14" branch="False" />
            <line number="48" hits="14" branch="False" />
            <line number="49" hits="21" branch="False" />
            <line number="51" hits="7" branch="False" />
            <line number="52" hits="7" branch="False" />
            <line number="53" hits="7" branch="False" />
            <line number="54" hits="7" branch="False" />
            <line number="55" hits="7" branch="False" />
            <line number="56" hits="7" branch="False" />
            <line number="57" hits="7" branch="False" />
            <line number="59" hits="7" branch="False" />
            <line number="60" hits="0" branch="False" />
            <line number="61" hits="0" branch="False" />
            <line number="62" hits="0" branch="False" />
            <line number="63" hits="7" branch="False" />
            <line number="64" hits="7" branch="False" />
            <line number="65" hits="0" branch="False" />
            <line number="66" hits="0" branch="False" />
            <line number="67" hits="0" branch="False" />
            <line number="68" hits="7" branch="False" />
            <line number="70" hits="7" branch="False" />
            <line number="71" hits="9" branch="False" />
            <line number="72" hits="9" branch="True" condition-coverage="100% (2/2)">
              <conditions>
                <condition number="24" type="jump" coverage="100%" />
              </conditions>
            </line>
            <line number="73" hits="9" branch="False" />
            <line number="74" hits="9" branch="False" />
            <line number="75" hits="9" branch="False" />
            <line number="76" hits="9" branch="False" />
            <line number="77" hits="9" branch="False" />
            <line number="78" hits="9" branch="False" />
            <line number="79" hits="9" branch="False" />
            <line number="80" hits="9" branch="False" />
            <line number="81" hits="9" branch="False" />
            <line number="82" hits="9" branch="False" />
            <line number="83" hits="9" branch="False" />
            <line number="84" hits="9" branch="False" />
            <line number="85" hits="9" branch="False" />
            <line number="86" hits="9" branch="False" />
            <line number="87" hits="7" branch="False" />
            <line number="88" hits="7" branch="False" />
            <line number="90" hits="7" branch="False" />
            <line number="92" hits="7" branch="False" />
            <line number="93" hits="7" branch="False" />
            <line number="94" hits="7" branch="False" />
            <line number="95" hits="7" branch="False" />
            <line number="96" hits="7" branch="False" />
            <line number="97" hits="14" branch="False" />
            <line number="98" hits="7" branch="False" />
            <line number="99" hits="7" branch="False" />
            <line number="100" hits="0" branch="False" />
            <line number="101" hits="0" branch="False" />
            <line number="102" hits="0" branch="False" />
            <line number="103" hits="0" branch="False" />
            <line number="104" hits="7" branch="False" />
            <line number="106" hits="7" branch="False" />
            <line number="107" hits="7" branch="False" />
            <line number="108" hits="7" branch="False" />
            <line number="109" hits="7" branch="False" />
            <line number="110" hits="7" branch="False" />
            <line number="111" hits="7" branch="False" />
            <line number="112" hits="7" branch="False" />
            <line number="113" hits="7" branch="False" />
            <line number="114" hits="7" branch="False" />
            <line number="115" hits="7" branch="False" />
            <line number="116" hits="14" branch="False" />
            <line number="118" hits="7" branch="False" />
            <line number="119" hits="7" branch="False" />
            <line number="120" hits="7" branch="False" />
            <line number="122" hits="7" branch="False" />
            <line number="123" hits="7" branch="False" />
            <line number="124" hits="7" branch="False" />
            <line number="125" hits="7" branch="False" />
            <line number="126" hits="7" branch="False" />
            <line number="127" hits="14" branch="False" />
            <line number="128" hits="7" branch="False" />
            <line number="129" hits="7" branch="False" />
            <line number="130" hits="7" branch="False" />
            <line number="131" hits="7" branch="False" />
            <line number="132" hits="14" branch="False" />
            <line number="133" hits="7" branch="False" />
            <line number="134" hits="7" branch="False" />
            <line number="135" hits="7" branch="False" />
            <line number="136" hits="0" branch="False" />
            <line number="137" hits="0" branch="False" />
            <line number="138" hits="0" branch="False" />
            <line number="139" hits="0" branch="False" />
            <line number="140" hits="0" branch="False" />
            <line number="141" hits="0" branch="False" />
            <line number="142" hits="0" branch="False" />
            <line number="143" hits="0" branch="False" />
            <line number="144" hits="0" branch="True" condition-coverage="0% (0/6)">
              <conditions>
                <condition number="105" type="jump" coverage="0%" />
                <condition number="115" type="jump" coverage="0%" />
                <condition number="131" type="jump" coverage="0%" />
              </conditions>
            </line>
            <line number="145" hits="0" branch="False" />
            <line number="146" hits="0" branch="False" />
            <line number="147" hits="0" branch="False" />
            <line number="148" hits="0" branch="False" />
            <line number="149" hits="7" branch="False" />
            <line number="150" hits="14" branch="False" />
            <line number="152" hits="7" branch="False" />
            <line number="153" hits="7" branch="False" />
            <line number="154" hits="7" branch="False" />
            <line number="155" hits="7" branch="False" />
            <line number="156" hits="7" branch="False" />
            <line number="157" hits="7" branch="False" />
            <line number="158" hits="7" branch="False" />
            <line number="159" hits="7" branch="False" />
            <line number="160" hits="7" branch="False" />
            <line number="161" hits="7" branch="False" />
            <line number="162" hits="7" branch="False" />
            <line number="163" hits="7" branch="False" />
            <line number="164" hits="7" branch="False" />
            <line number="165" hits="7" branch="False" />
            <line number="166" hits="7" branch="False" />
            <line number="167" hits="7" branch="False" />
            <line number="168" hits="7" branch="False" />
            <line number="169" hits="7" branch="False" />
            <line number="170" hits="7" branch="False" />
            <line number="171" hits="7" branch="False" />
            <line number="172" hits="7" branch="False" />
            <line number="173" hits="7" branch="False" />
            <line number="174" hits="14" branch="False" />
            <line number="175" hits="7" branch="False" />
            <line number="177" hits="7" branch="True" condition-coverage="50% (1/2)">
              <conditions>
                <condition number="1189" type="jump" coverage="50%" />
              </conditions>
            </line>
            <line number="178" hits="7" branch="False" />
            <line number="179" hits="0" branch="False" />
            <line number="180" hits="0" branch="False" />
            <line number="181" hits="0" branch="False" />
            <line number="182" hits="0" branch="False" />
            <line number="183" hits="0" branch="False" />
            <line number="184" hits="0" branch="False" />
            <line number="185" hits="0" branch="False" />
            <line number="186" hits="0" branch="False" />
            <line number="187" hits="0" branch="False" />
            <line number="188" hits="0" branch="False" />
            <line number="189" hits="0" branch="False" />
            <line number="190" hits="0" branch="False" />
            <line number="191" hits="0" branch="False" />
            <line number="192" hits="0" branch="False" />
            <line number="193" hits="0" branch="False" />
            <line number="194" hits="0" branch="True" condition-coverage="0% (0/2)">
              <conditions>
                <condition number="70" type="jump" coverage="0%" />
              </conditions>
            </line>
            <line number="195" hits="0" branch="False" />
            <line number="196" hits="0" branch="False" />
            <line number="197" hits="0" branch="False" />
            <line number="198" hits="0" branch="False" />
            <line number="199" hits="0" branch="False" />
            <line number="200" hits="0" branch="False" />
            <line number="201" hits="0" branch="True" condition-coverage="0% (0/4)">
              <conditions>
                <condition number="12" type="jump" coverage="0%" />
                <condition number="24" type="jump" coverage="0%" />
              </conditions>
            </line>
            <line number="202" hits="0" branch="False" />
            <line number="203" hits="0" branch="False" />
            <line number="204" hits="0" branch="False" />
            <line number="205" hits="0" branch="False" />
            <line number="206" hits="0" branch="False" />
            <line number="207" hits="0" branch="False" />
            <line number="208" hits="0" branch="False" />
            <line number="209" hits="0" branch="False" />
            <line number="210" hits="0" branch="True" condition-coverage="0% (0/4)">
              <conditions>
                <condition number="12" type="jump" coverage="0%" />
                <condition number="24" type="jump" coverage="0%" />
              </conditions>
            </line>
            <line number="211" hits="0" branch="False" />
            <line number="212" hits="0" branch="False" />
            <line number="213" hits="0" branch="False" />
            <line number="214" hits="0" branch="False" />
            <line number="215" hits="0" branch="False" />
            <line number="216" hits="0" branch="False" />
            <line number="217" hits="0" branch="False" />
            <line number="218" hits="0" branch="False" />
            <line number="219" hits="0" branch="True" condition-coverage="0% (0/4)">
              <conditions>
                <condition number="12" type="jump" coverage="0%" />
                <condition number="24" type="jump" coverage="0%" />
              </conditions>
            </line>
            <line number="220" hits="0" branch="False" />
            <line number="221" hits="0" branch="False" />
            <line number="222" hits="0" branch="False" />
            <line number="223" hits="0" branch="False" />
            <line number="224" hits="0" branch="False" />
            <line number="225" hits="0" branch="False" />
            <line number="226" hits="0" branch="False" />
            <line number="227" hits="0" branch="False" />
            <line number="228" hits="0" branch="True" condition-coverage="0% (0/4)">
              <conditions>
                <condition number="12" type="jump" coverage="0%" />
                <condition number="24" type="jump" coverage="0%" />
              </conditions>
            </line>
            <line number="229" hits="0" branch="False" />
            <line number="230" hits="0" branch="False" />
            <line number="231" hits="0" branch="False" />
            <line number="232" hits="0" branch="False" />
            <line number="233" hits="0" branch="False" />
            <line number="234" hits="0" branch="False" />
            <line number="235" hits="0" branch="False" />
            <line number="236" hits="7" branch="False" />
            <line number="238" hits="7" branch="False" />
            <line number="239" hits="7" branch="False" />
            <line number="240" hits="7" branch="False" />
            <line number="241" hits="7" branch="True" condition-coverage="50% (1/2)">
              <conditions>
                <condition number="32" type="jump" coverage="50%" />
              </conditions>
            </line>
            <line number="242" hits="7" branch="False" />
            <line number="243" hits="7" branch="False" />
            <line number="244" hits="7" branch="False" />
            <line number="245" hits="7" branch="True" condition-coverage="100% (2/2)">
              <conditions>
                <condition number="9" type="jump" coverage="100%" />
              </conditions>
            </line>
            <line number="246" hits="7" branch="False" />
            <line number="247" hits="7" branch="False" />
            <line number="248" hits="14" branch="True" condition-coverage="100% (2/2)">
              <conditions>
                <condition number="66" type="jump" coverage="100%" />
              </conditions>
            </line>
            <line number="249" hits="14" branch="False" />
            <line number="250" hits="14" branch="False" />
            <line number="252" hits="7" branch="False" />
            <line number="253" hits="7" branch="False" />
            <line number="254" hits="7" branch="False" />
            <line number="256" hits="7" branch="False" />
            <line number="257" hits="7" branch="False" />
            <line number="258" hits="7" branch="False" />
            <line number="259" hits="7" branch="False" />
            <line number="260" hits="7" branch="False" />
            <line number="261" hits="7" branch="False" />
            <line number="262" hits="7" branch="False" />
            <line number="263" hits="7" branch="False" />
            <line number="264" hits="7" branch="False" />
            <line number="265" hits="7" branch="False" />
            <line number="266" hits="7" branch="False" />
            <line number="267" hits="7" branch="False" />
            <line number="268" hits="7" branch="False" />
            <line number="269" hits="7" branch="False" />
            <line number="270" hits="7" branch="False" />
            <line number="272" hits="7" branch="False" />
            <line number="273" hits="7" branch="False" />
            <line number="274" hits="7" branch="False" />
            <line number="275" hits="7" branch="True" condition-coverage="50% (1/2)">
              <conditions>
                <condition number="1812" type="jump" coverage="50%" />
              </conditions>
            </line>
            <line number="276" hits="7" branch="True" condition-coverage="50% (1/2)">
              <conditions>
                <condition number="1848" type="jump" coverage="50%" />
              </conditions>
            </line>
            <line number="277" hits="7" branch="False" />
            <line number="278" hits="7" branch="True" condition-coverage="100% (2/2)">
              <conditions>
                <condition number="1877" type="jump" coverage="100%" />
              </conditions>
            </line>
            <line number="279" hits="7" branch="False" />
            <line number="280" hits="7" branch="False" />
            <line number="282" hits="7" branch="True" condition-coverage="100% (2/2)">
              <conditions>
                <condition number="1960" type="jump" coverage="100%" />
              </conditions>
            </line>
            <line number="283" hits="7" branch="False" />
            <line number="284" hits="7" branch="False" />
            <line number="285" hits="7" branch="False" />
            <line number="286" hits="7" branch="False" />
            <line number="287" hits="0" branch="True" condition-coverage="50% (1/2)">
              <conditions>
                <condition number="2009" type="jump" coverage="50%" />
              </conditions>
            </line>
            <line number="288" hits="0" branch="False" />
            <line number="289" hits="0" branch="False" />
            <line number="290" hits="0" branch="True" condition-coverage="0% (0/2)">
              <conditions>
                <condition number="2065" type="jump" coverage="0%" />
              </conditions>
            </line>
            <line number="291" hits="0" branch="False" />
            <line number="292" hits="0" branch="False" />
            <line number="293" hits="0" branch="True" condition-coverage="0% (0/6)">
              <conditions>
                <condition number="2143" type="jump" coverage="0%" />
                <condition number="2156" type="jump" coverage="0%" />
                <condition number="2176" type="jump" coverage="0%" />
              </conditions>
            </line>
            <line number="294" hits="0" branch="False" />
            <line number="295" hits="0" branch="False" />
            <line number="298" hits="0" branch="False" />
            <line number="299" hits="0" branch="False" />
            <line number="300" hits="0" branch="False" />
            <line number="301" hits="0" branch="False" />
            <line number="303" hits="0" branch="False" />
            <line number="304" hits="0" branch="False" />
            <line number="305" hits="0" branch="False" />
            <line number="306" hits="0" branch="False" />
            <line number="307" hits="0" branch="False" />
            <line number="308" hits="0" branch="False" />
            <line number="309" hits="0" branch="False" />
            <line number="310" hits="0" branch="False" />
            <line number="311" hits="0" branch="False" />
            <line number="313" hits="0" branch="False" />
            <line number="314" hits="7" branch="False" />
            <line number="315" hits="7" branch="False" />
            <line number="316" hits="7" branch="True" condition-coverage="50% (1/2)">
              <conditions>
                <condition number="2564" type="jump" coverage="50%" />
              </conditions>
            </line>
            <line number="317" hits="7" branch="False" />
            <line number="318" hits="7" branch="True" condition-coverage="50% (1/2)">
              <conditions>
                <condition number="2616" type="jump" coverage="50%" />
              </conditions>
            </line>
            <line number="319" hits="0" branch="False" />
            <line number="320" hits="0" branch="False" />
            <line number="321" hits="0" branch="False" />
            <line number="322" hits="14" branch="False" />
            <line number="323" hits="7" branch="True" condition-coverage="50% (1/2)">
              <conditions>
                <condition number="2723" type="jump" coverage="50%" />
              </conditions>
            </line>
            <line number="325" hits="7" branch="True" condition-coverage="50% (3/6)">
              <conditions>
                <condition number="2752" type="jump" coverage="50%" />
                <condition number="2766" type="jump" coverage="50%" />
                <condition number="2791" type="jump" coverage="50%" />
              </conditions>
            </line>
            <line number="326" hits="0" branch="False" />
            <line number="327" hits="0" branch="False" />
            <line number="330" hits="7" branch="False" />
            <line number="331" hits="7" branch="False" />
            <line number="333" hits="7" branch="False" />
            <line number="334" hits="7" branch="False" />
            <line number="335" hits="14" branch="False" />
            <line number="336" hits="14" branch="False" />
            <line number="337" hits="7" branch="False" />
            <line number="338" hits="7" branch="True" condition-coverage="50% (1/2)">
              <conditions>
                <condition number="2957" type="jump" coverage="50%" />
              </conditions>
            </line>
            <line number="339" hits="7" branch="False" />
            <line number="340" hits="7" branch="True" condition-coverage="50% (1/2)">
              <conditions>
                <condition number="3001" type="jump" coverage="50%" />
              </conditions>
            </line>
            <line number="341" hits="0" branch="False" />
            <line number="342" hits="0" branch="True" condition-coverage="0% (0/2)">
              <conditions>
                <condition number="3029" type="jump" coverage="0%" />
              </conditions>
            </line>
            <line number="343" hits="0" branch="False" />
            <line number="344" hits="0" branch="False" />
            <line number="345" hits="0" branch="False" />
            <line number="346" hits="0" branch="False" />
            <line number="348" hits="7" branch="False" />
            <line number="349" hits="7" branch="False" />
            <line number="350" hits="7" branch="False" />
            <line number="351" hits="7" branch="False" />
            <line number="353" hits="14" branch="False" />
            <line number="354" hits="14" branch="False" />
            <line number="355" hits="14" branch="False" />
            <line number="356" hits="14" branch="False" />
            <line number="357" hits="14" branch="False" />
            <line number="358" hits="14" branch="False" />
            <line number="359" hits="14" branch="False" />
            <line number="360" hits="14" branch="False" />
            <line number="361" hits="14" branch="False" />
            <line number="362" hits="14" branch="False" />
            <line number="363" hits="14" branch="False" />
            <line number="364" hits="14" branch="False" />
            <line number="366" hits="7" branch="False" />
            <line number="368" hits="7" branch="False" />
            <line number="369" hits="0" branch="False" />
            <line number="370" hits="0" branch="False" />
            <line number="371" hits="0" branch="False" />
            <line number="372" hits="7" branch="False" />
            <line number="374" hits="7" branch="False" />
            <line number="376" hits="7" branch="False" />
            <line number="378" hits="7" branch="True" condition-coverage="75% (3/4)">
              <conditions>
                <condition number="3319" type="jump" coverage="50%" />
                <condition number="3360" type="jump" coverage="100%" />
              </conditions>
            </line>
            <line number="379" hits="7" branch="False" />
            <line number="380" hits="7" branch="False" />
            <line number="381" hits="7" branch="False" />
            <line number="382" hits="7" branch="False" />
            <line number="383" hits="7" branch="False" />
            <line number="384" hits="35" branch="True" condition-coverage="100% (2/2)">
              <conditions>
                <condition number="82" type="jump" coverage="100%" />
              </conditions>
            </line>
            <line number="385" hits="7" branch="False" />
            <line number="386" hits="7" branch="False" />
            <line number="387" hits="7" branch="False" />
            <line number="388" hits="7" branch="False" />
            <line number="389" hits="14" branch="False" />
            <line number="390" hits="7" branch="False" />
            <line number="391" hits="7" branch="False" />
            <line number="393" hits="7" branch="False" />
            <line number="394" hits="59" branch="False" />
            <line number="395" hits="59" branch="False" />
            <line number="396" hits="59" branch="False" />
            <line number="397" hits="59" branch="False" />
            <line number="398" hits="59" branch="False" />
            <line number="399" hits="59" branch="False" />
            <line number="400" hits="7" branch="False" />
            <line number="401" hits="59" branch="False" />
            <line number="402" hits="59" branch="False" />
            <line number="403" hits="59" branch="False" />
            <line number="404" hits="59" branch="False" />
            <line number="405" hits="59" branch="False" />
            <line number="406" hits="59" branch="False" />
            <line number="407" hits="7" branch="False" />
            <line number="408" hits="59" branch="False" />
            <line number="409" hits="66" branch="False" />
            <line number="410" hits="7" branch="False" />
            <line number="411" hits="7" branch="False" />
            <line number="412" hits="7" branch="True" condition-coverage="50% (1/2)">
              <conditions>
                <condition number="3589" type="jump" coverage="50%" />
              </conditions>
            </line>
            <line number="413" hits="0" branch="False" />
            <line number="414" hits="0" branch="False" />
            <line number="415" hits="0" branch="False" />
            <line number="416" hits="7" branch="True" condition-coverage="50% (1/2)">
              <conditions>
                <condition number="3632" type="jump" coverage="50%" />
              </conditions>
            </line>
            <line number="417" hits="7" branch="False" />
            <line number="418" hits="7" branch="True" condition-coverage="50% (1/2)">
              <conditions>
                <condition number="3684" type="jump" coverage="50%" />
              </conditions>
            </line>
            <line number="419" hits="0" branch="False" />
            <line number="420" hits="0" branch="False" />
            <line number="421" hits="0" branch="False" />
            <line number="422" hits="0" branch="False" />
            <line number="423" hits="0" branch="False" />
            <line number="424" hits="0" branch="False" />
            <line number="425" hits="7" branch="True" condition-coverage="50% (2/4)">
              <conditions>
                <condition number="3739" type="jump" coverage="50%" />
                <condition number="3780" type="jump" coverage="50%" />
              </conditions>
            </line>
            <line number="426" hits="0" branch="False" />
            <line number="427" hits="0" branch="False" />
            <line number="428" hits="0" branch="False" />
            <line number="429" hits="7" branch="False" />
            <line number="430" hits="59" branch="False" />
            <line number="431" hits="59" branch="False" />
            <line number="432" hits="54" branch="False" />
            <line number="433" hits="54" branch="False" />
            <line number="434" hits="54" branch="False" />
            <line number="435" hits="54" branch="False" />
            <line number="436" hits="0" branch="False" />
            <line number="437" hits="0" branch="False" />
            <line number="438" hits="0" branch="False" />
            <line number="439" hits="0" branch="False" />
            <line number="440" hits="7" branch="False" />
            <line number="441" hits="54" branch="False" />
            <line number="442" hits="59" branch="False" />
            <line number="443" hits="47" branch="False" />
            <line number="444" hits="7" branch="False" />
            <line number="445" hits="7" branch="False" />
            <line number="447" hits="7" branch="True" condition-coverage="50% (1/2)">
              <conditions>
                <condition number="3916" type="jump" coverage="50%" />
              </conditions>
            </line>
            <line number="448" hits="0" branch="False" />
            <line number="449" hits="0" branch="True" condition-coverage="0% (0/2)">
              <conditions>
                <condition number="3945" type="jump" coverage="0%" />
              </conditions>
            </line>
            <line number="450" hits="0" branch="False" />
            <line number="451" hits="0" branch="True" condition-coverage="0% (0/2)">
              <conditions>
                <condition number="3980" type="jump" coverage="0%" />
              </conditions>
            </line>
            <line number="452" hits="0" branch="False" />
            <line number="453" hits="0" branch="False" />
            <line number="456" hits="0" branch="False" />
            <line number="457" hits="0" branch="False" />
            <line number="458" hits="0" branch="False" />
            <line number="459" hits="0" branch="False" />
            <line number="460" hits="0" branch="False" />
            <line number="461" hits="0" branch="False" />
            <line number="462" hits="0" branch="False" />
            <line number="463" hits="0" branch="False" />
            <line number="464" hits="0" branch="False" />
            <line number="465" hits="0" branch="False" />
            <line number="467" hits="7" branch="False" />
            <line number="468" hits="59" branch="False" />
            <line number="469" hits="59" branch="False" />
            <line number="470" hits="59" branch="False" />
            <line number="471" hits="59" branch="False" />
            <line number="472" hits="0" branch="False" />
            <line number="473" hits="0" branch="False" />
            <line number="474" hits="0" branch="False" />
            <line number="475" hits="0" branch="False" />
            <line number="476" hits="0" branch="False" />
            <line number="477" hits="59" branch="False" />
            <line number="478" hits="47" branch="False" />
            <line number="480" hits="7" branch="False" />
            <line number="481" hits="7" branch="False" />
            <line number="482" hits="7" branch="True" condition-coverage="50% (1/2)">
              <conditions>
                <condition number="4154" type="jump" coverage="50%" />
              </conditions>
            </line>
            <line number="483" hits="7" branch="False" />
            <line number="484" hits="7" branch="False" />
            <line number="485" hits="7" branch="True" condition-coverage="50% (1/2)">
              <conditions>
                <condition number="4206" type="jump" coverage="50%" />
              </conditions>
            </line>
            <line number="486" hits="0" branch="False" />
            <line number="487" hits="0" branch="False" />
            <line number="488" hits="0" branch="False" />
            <line number="489" hits="7" branch="True" condition-coverage="50% (1/2)">
              <conditions>
                <condition number="4249" type="jump" coverage="50%" />
              </conditions>
            </line>
            <line number="490" hits="7" branch="False" />
            <line number="491" hits="7" branch="False" />
            <line number="492" hits="7" branch="True" condition-coverage="50% (1/2)">
              <conditions>
                <condition number="4301" type="jump" coverage="50%" />
              </conditions>
            </line>
            <line number="493" hits="0" branch="False" />
            <line number="494" hits="0" branch="False" />
            <line number="495" hits="0" branch="False" />
            <line number="497" hits="7" branch="False" />
            <line number="498" hits="7" branch="False" />
            <line number="499" hits="7" branch="False" />
            <line number="500" hits="7" branch="False" />
            <line number="502" hits="7" branch="False" />
            <line number="503" hits="7" branch="False" />
            <line number="504" hits="0" branch="False" />
            <line number="505" hits="7" branch="False" />
            <line number="506" hits="7" branch="False" />
            <line number="507" hits="7" branch="False" />
            <line number="508" hits="7" branch="False" />
            <line number="509" hits="0" branch="False" />
            <line number="510" hits="7" branch="False" />
            <line number="511" hits="7" branch="False" />
            <line number="513" hits="7" branch="False" />
            <line number="515" hits="7" branch="False" />
            <line number="516" hits="7" branch="False" />
            <line number="517" hits="7" branch="True" condition-coverage="50% (1/2)">
              <conditions>
                <condition number="4744" type="jump" coverage="50%" />
              </conditions>
            </line>
            <line number="518" hits="7" branch="False" />
            <line number="519" hits="7" branch="False" />
            <line number="520" hits="7" branch="True" condition-coverage="100% (2/2)">
              <conditions>
                <condition number="4827" type="jump" coverage="100%" />
              </conditions>
            </line>
            <line number="521" hits="7" branch="False" />
            <line number="523" hits="7" branch="False" />
            <line number="524" hits="7" branch="False" />
            <line number="525" hits="7" branch="False" />
            <line number="526" hits="0" branch="False" />
            <line number="527" hits="7" branch="False" />
            <line number="528" hits="7" branch="False" />
            <line number="529" hits="7" branch="False" />
            <line number="530" hits="7" branch="False" />
            <line number="533" hits="7" branch="False" />
            <line number="534" hits="7" branch="False" />
            <line number="535" hits="7" branch="False" />
            <line number="536" hits="7" branch="False" />
            <line number="537" hits="0" branch="False" />
            <line number="538" hits="0" branch="False" />
            <line number="539" hits="0" branch="False" />
            <line number="540" hits="0" branch="False" />
            <line number="541" hits="7" branch="False" />
            <line number="543" hits="7" branch="False" />
            <line number="544" hits="7" branch="True" condition-coverage="50% (1/2)">
              <conditions>
                <condition number="5289" type="jump" coverage="50%" />
              </conditions>
            </line>
            <line number="545" hits="0" branch="False" />
            <line number="547" hits="0" branch="False" />
            <line number="548" hits="0" branch="False" />
            <line number="549" hits="0" branch="False" />
            <line number="550" hits="0" branch="False" />
            <line number="551" hits="0" branch="False" />
            <line number="552" hits="0" branch="True" condition-coverage="0% (0/4)">
              <conditions>
                <condition number="5616" type="jump" coverage="0%" />
                <condition number="5639" type="jump" coverage="0%" />
              </conditions>
            </line>
            <line number="553" hits="0" branch="False" />
            <line number="554" hits="0" branch="False" />
            <line number="555" hits="0" branch="False" />
            <line number="556" hits="0" branch="False" />
            <line number="557" hits="0" branch="False" />
            <line number="558" hits="0" branch="False" />
            <line number="559" hits="0" branch="False" />
            <line number="560" hits="0" branch="False" />
            <line number="561" hits="0" branch="False" />
            <line number="562" hits="7" branch="False" />
            <line number="563" hits="7" branch="True" condition-coverage="100% (2/2)">
              <conditions>
                <condition number="5870" type="jump" coverage="100%" />
              </conditions>
            </line>
            <line number="564" hits="7" branch="False" />
            <line number="565" hits="7" branch="False" />
            <line number="566" hits="7" branch="False" />
            <line number="567" hits="7" branch="False" />
            <line number="568" hits="7" branch="False" />
            <line number="569" hits="7" branch="False" />
            <line number="570" hits="7" branch="False" />
            <line number="572" hits="7" branch="False" />
            <line number="574" hits="7" branch="False" />
          </lines>
        </class>
        <class name="Program/&lt;&gt;c/&lt;&lt;&lt;Main&gt;$&gt;b__0_20&gt;d" filename="Program.cs" line-rate="1" branch-rate="0.9285" complexity="14">
          <methods />
          <lines />
        </class>
        <class name="Program/&lt;&gt;c/&lt;&lt;&lt;Main&gt;$&gt;b__0_21&gt;d" filename="Program.cs" line-rate="1" branch-rate="0.5" complexity="6">
          <methods />
          <lines />
        </class>
        <class name="Program/&lt;&gt;c/&lt;&lt;&lt;Main&gt;$&gt;b__0_41&gt;d" filename="Program.cs" line-rate="1" branch-rate="0" complexity="2">
          <methods />
          <lines />
        </class>
        <class name="Program/&lt;&gt;c__DisplayClass0_0/&lt;&lt;&lt;Main&gt;$&gt;b__19&gt;d" filename="Program.cs" line-rate="1" branch-rate="1" complexity="2">
          <methods />
          <lines />
        </class>
        <class name="AspNetCoreGeneratedDocument.Views_Shared__Layout/&lt;ExecuteAsync&gt;d__9" filename="Views\Shared\_Layout.cshtml" line-rate="0" branch-rate="0" complexity="4">
          <methods>
            <method name="MoveNext" signature="()" line-rate="0" branch-rate="0" complexity="4">
              <lines>
                <line number="2" hits="0" branch="True" condition-coverage="0% (0/4)">
[...]
            <line number="45" hits="0" branch="False" />
            <line number="46" hits="0" branch="False" />
            <line number="47" hits="0" branch="False" />
            <line number="48" hits="0" branch="False" />
          </lines>
        </class>
        <class name="AuthenticationAPI.Controllers.UiController" filename="Controllers\UiController.cs" line-rate="0" branch-rate="1" complexity="9">
          <methods>
            <method name="Index" signature="()" line-rate="0" branch-rate="1" complexity="1">
              <lines>
                <line number="15" hits="0" branch="False" />
              </lines>
            </method>
            <method name="Admin" signature="()" line-rate="0" branch-rate="1" complexity="1">
              <lines>
                <line number="18" hits="0" branch="False" />
              </lines>
            </method>
            <method name="EmailConfirm" signature="()" line-rate="0" branch-rate="1" complexity="1">
              <lines>
                <line number="21" hits="0" branch="False" />
              </lines>
            </method>
            <method name="ResetPassword" signature="()" line-rate="0" branch-rate="1" complexity="1">
              <lines>
                <line number="24" hits="0" branch="False" />
              </lines>
            </method>
            <method name="Activate" signature="()" line-rate="0" branch-rate="1" complexity="1">
              <lines>
                <line number="27" hits="0" branch="False" />
              </lines>
            </method>
            <method name="Onboarding" signature="()" line-rate="0" branch-rate="1" complexity="1">
              <lines>
                <line number="31" hits="0" branch="False" />
              </lines>
            </method>
            <method name="AdminLogin" signature="()" line-rate="0" branch-rate="1" complexity="1">
              <lines>
                <line number="34" hits="0" branch="False" />
              </lines>
            </method>
            <method name="Settings" signature="()" line-rate="0" branch-rate="1" complexity="1">
              <lines>
                <line number="38" hits="0" branch="False" />
              </lines>
            </method>
            <method name=".ctor" signature="(Microsoft.AspNetCore.Hosting.IWebHostEnvironment)" line-rate="0" branch-rate="1" complexity="1">
              <lines>
                <line number="12" hits="0" branch="False" />
              </lines>
            </method>
          </methods>
          <lines>
            <line number="15" hits="0" branch="False" />
            <line number="18" hits="0" branch="False" />
            <line number="21" hits="0" branch="False" />
            <line number="24" hits="0" branch="False" />
            <line number="27" hits="0" branch="False" />
            <line number="31" hits="0" branch="False" />
            <line number="34" hits="0" branch="False" />
            <line number="38" hits="0" branch="False" />
            <line number="12" hits="0" branch="False" />
          </lines>
        </class>
        <class name="AuthenticationAPI.Controllers.UsersController" filename="Controllers\UsersController.cs" line-rate="1" branch-rate="1" complexity="1">
          <methods>
            <method name=".ctor" signature="(Microsoft.AspNetCore.Identity.UserManager`1&lt;AuthenticationAPI.Models.ApplicationUser&gt;,AuthenticationAPI.Data.ApplicationDbContext)" line-rate="1" branch-rate="1" complexity="1">
              <lines>
                <line number="16" hits="1" branch="False" />
                <line number="17" hits="4" branch="False" />
              </lines>
            </method>
          </methods>
          <lines>
            <line number="16" hits="1" branch="False" />
            <line number="17" hits="4" branch="False" />
          </lines>
        </class>
        <class name="AuthenticationAPI.Controllers.UsersController/&lt;Me&gt;d__3" filename="Controllers\UsersController.cs" line-rate="1" branch-rate="0.5" complexity="2">
          <methods>
            <method name="MoveNext" signature="()" line-rate="1" branch-rate="0.5" complexity="2">
              <lines>
                <line number="22" hits="1" branch="False" />
                <line number="23" hits="1" branch="False" />
                <line number="24" hits="1" branch="True" condition-coverage="50% (1/2)">
                  <conditions>
                    <condition number="215" type="jump" coverage="50%" />
                  </conditions>
                </line>
                <line number="25" hits="1" branch="False" />
                <line number="26" hits="1" branch="False" />
                <line number="27" hits="1" branch="False" />
                <line number="28" hits="1" branch="False" />
                <line number="29" hits="1" branch="False" />
                <line number="30" hits="1" branch="False" />
                <line number="31" hits="1" branch="False" />
                <line number="32" hits="1" branch="False" />
                <line number="33" hits="1" branch="False" />
                <line number="34" hits="1" branch="False" />
                <line number="35" hits="1" branch="False" />
                <line number="36" hits="1" branch="False" />
                <line number="37" hits="1" branch="False" />
              </lines>
            </method>
          </methods>
          <lines>
            <line number="22" hits="1" branch="False" />
            <line number="23" hits="1" branch="False" />
            <line number="24" hits="1" branch="True" condition-coverage="50% (1/2)">
              <conditions>
                <condition number="215" type="jump" coverage="50%" />
              </conditions>
            </line>
            <line number="25" hits="1" branch="False" />
            <line number="26" hits="1" branch="False" />
            <line number="27" hits="1" branch="False" />
            <line number="28" hits="1" branch="False" />
            <line number="29" hits="1" branch="False" />
            <line number="30" hits="1" branch="False" />
            <line number="31" hits="1" branch="False" />
            <line number="32" hits="1" branch="False" />
            <line number="33" hits="1" branch="False" />
            <line number="34" hits="1" branch="False" />
            <line number="35" hits="1" branch="False" />
            <line number="36" hits="1" branch="False" />
            <line number="37" hits="1" branch="False" />
          </lines>
        </class>
        <class name="AuthenticationAPI.AppMigrations.Initial_AppDb" filename="AppMigrations\20250909090500_Initial_AppDb.cs" line-rate="0" branch-rate="1" complexity="2">
          <methods>
            <method name="Up" signature="(Microsoft.EntityFrameworkCore.Migrations.MigrationBuilder)" line-rate="0" branch-rate="1" complexity="1">
              <lines>
                <line number="11" hits="0" branch="False" />
                <line number="12" hits="0" branch="False" />
                <line number="13" hits="0" branch="False" />
                <line number="14" hits="0" branch="False" />
                <line number="15" hits="0" branch="False" />
                <line number="16" hits="0" branch="False" />
                <line number="17" hits="0" branch="False" />
                <line number="18" hits="0" branch="False" />
                <line number="19" hits="0" branch="False" />
                <line number="20" hits="0" branch="False" />
                <line number="21" hits="0" branch="False" />
                <line number="22" hits="0" branch="False" />
                <line number="23" hits="0" branch="False" />
                <line number="25" hits="0" branch="False" />
                <line number="26" hits="0" branch="False" />
                <line number="27" hits="0" branch="False" />
                <line number="28" hits="0" branch="False" />
                <line number="29" hits="0" branch="False" />
                <line number="30" hits="0" branch="False" />
                <line number="31" hits="0" branch="False" />
                <line number="32" hits="0" branch="False" />
                <line number="33" hits="0" branch="False" />
                <line number="34" hits="0" branch="False" />
                <line number="35" hits="0" branch="False" />
                <line number="36" hits="0" branch="False" />
                <line number="37" hits="0" branch="False" />
                <line number="38" hits="0" branch="False" />
                <line number="39" hits="0" branch="False" />
                <line number="40" hits="0" branch="False" />
                <line number="41" hits="0" branch="False" />
                <line number="43" hits="0" branch="False" />
                <line number="44" hits="0" branch="False" />
                <line number="45" hits="0" branch="False" />
                <line number="46" hits="0" branch="False" />
                <line number="47" hits="0" branch="False" />
                <line number="49" hits="0" branch="False" />
                <line number="50" hits="0" branch="False" />
                <line number="51" hits="0" branch="False" />
                <line number="52" hits="0" branch="False" />
                <line number="53" hits="0" branch="False" />
              </lines>
            </method>
            <method name="Down" signature="(Microsoft.EntityFrameworkCore.Migrations.MigrationBuilder)" line-rate="0" branch-rate="1" complexity="1">
              <lines>
                <line number="56" hits="0" branch="False" />
                <line number="57" hits="0" branch="False" />
                <line number="58" hits="0" branch="False" />
                <line number="60" hits="0" branch="False" />
                <line number="61" hits="0" branch="False" />
                <line number="62" hits="0" branch="False" />
              </lines>
            </method>
          </methods>
          <lines>
            <line number="11" hits="0" branch="False" />
            <line number="12" hits="0" branch="False" />
            <line number="13" hits="0" branch="False" />
            <line number="14" hits="0" branch="False" />
            <line number="15" hits="0" branch="False" />
            <line number="16" hits="0" branch="False" />
            <line number="17" hits="0" branch="False" />
            <line number="18" hits="0" branch="False" />
            <line number="19" hits="0" branch="False" />
            <line number="20" hits="0" branch="False" />
            <line number="21" hits="0" branch="False" />
            <line number="22" hits="0" branch="False" />
            <line number="23" hits="0" branch="False" />
            <line number="25" hits="0" branch="False" />
            <line number="26" hits="0" branch="False" />
            <line number="27" hits="0" branch="False" />
            <line number="28" hits="0" branch="False" />
            <line number="29" hits="0" branch="False" />
            <line number="30" hits="0" branch="False" />
            <line number="31" hits="0" branch="False" />
            <line number="32" hits="0" branch="False" />
            <line number="33" hits="0" branch="False" />
            <line number="34" hits="0" branch="False" />
            <line number="35" hits="0" branch="False" />
            <line number="36" hits="0" branch="False" />
            <line number="37" hits="0" branch="False" />
            <line number="38" hits="0" branch="False" />
            <line number="39" hits="0" branch="False" />
            <line number="40" hits="0" branch="False" />
            <line number="41" hits="0" branch="False" />
            <line number="43" hits="0" branch="False" />
            <line number="44" hits="0" branch="False" />
            <line number="45" hits="0" branch="False" />
            <line number="46" hits="0" branch="False" />
            <line number="47" hits="0" branch="False" />
            <line number="49" hits="0" branch="False" />
            <line number="50" hits="0" branch="False" />
            <line number="51" hits="0" branch="False" />
            <line number="52" hits="0" branch="False" />
            <line number="53" hits="0" branch="False" />
            <line number="56" hits="0" branch="False" />
            <line number="57" hits="0" branch="False" />
            <line number="58" hits="0" branch="False" />
            <line number="60" hits="0" branch="False" />
            <line number="61" hits="0" branch="False" />
            <line number="62" hits="0" branch="False" />
          </lines>
        </class>
        <class name="AuthenticationAPI.AppMigrations.AppDbContextModelSnapshot" filename="AppMigrations\AppDbContextModelSnapshot.cs" line-rate="0" branch-rate="1" complexity="1">
          <methods>
            <method name="BuildModel" signature="(Microsoft.EntityFrameworkCore.ModelBuilder)" line-rate="0" branch-rate="1" complexity="1">
              <lines>
                <line number="17" hits="0" branch="False" />
                <line number="19" hits="0" branch="False" />
                <line number="20" hits="0" branch="False" />
                <line number="21" hits="0" branch="False" />
                <line number="23" hits="0" branch="False" />
                <line number="25" hits="0" branch="False" />
                <line number="26" hits="0" branch="False" />
                <line number="27" hits="0" branch="False" />
                <line number="28" hits="0" branch="False" />
                <line number="29" hits="0" branch="False" />
                <line number="30" hits="0" branch="False" />
                <line number="31" hits="0" branch="False" />
                <line number="32" hits="0" branch="False" />
                <line number="33" hits="0" branch="False" />
                <line number="34" hits="0" branch="False" />
                <line number="35" hits="0" branch="False" />
                <line number="36" hits="0" branch="False" />
                <line number="37" hits="0" branch="False" />
                <line number="38" hits="0" branch="False" />
                <line number="39" hits="0" branch="False" />
                <line number="40" hits="0" branch="False" />
                <line number="41" hits="0" branch="False" />
                <line number="42" hits="0" branch="False" />
                <line number="43" hits="0" branch="False" />
                <line number="44" hits="0" branch="False" />
                <line number="45" hits="0" branch="False" />
                <line number="46" hits="0" branch="False" />
                <line number="48" hits="0" branch="False" />
                <line number="49" hits="0" branch="False" />
                <line number="50" hits="0" branch="False" />
                <line number="51" hits="0" branch="False" />
                <line number="52" hits="0" branch="False" />
                <line number="53" hits="0" branch="False" />
                <line number="54" hits="0" branch="False" />
                <line number="55" hits="0" branch="False" />
                <line number="56" hits="0" branch="False" />
                <line number="57" hits="0" branch="False" />
                <line number="58" hits="0" branch="False" />
                <line number="59" hits="0" branch="False" />
                <line number="60" hits="0" branch="False" />
                <line number="61" hits="0" branch="False" />
                <line number="62" hits="0" branch="False" />
                <line number="64" hits="0" branch="False" />
                <line number="65" hits="0" branch="False" />
                <line number="66" hits="0" branch="False" />
                <line number="67" hits="0" branch="False" />
                <line number="68" hits="0" branch="False" />
                <line number="69" hits="0" branch="False" />
                <line number="70" hits="0" branch="False" />
                <line number="71" hits="0" branch="False" />
                <line number="72" hits="0" branch="False" />
                <line number="73" hits="0" branch="False" />
                <line number="75" hits="0" branch="False" />
                <line number="76" hits="0" branch="False" />
                <line number="77" hits="0" branch="False" />
                <line number="78" hits="0" branch="False" />
                <line number="80" hits="0" branch="False" />
              </lines>
            </method>
          </methods>
          <lines>
            <line number="17" hits="0" branch="False" />
            <line number="19" hits="0" branch="False" />
            <line number="20" hits="0" branch="False" />
            <line number="21" hits="0" branch="False" />
            <line number="23" hits="0" branch="False" />
            <line number="25" hits="0" branch="False" />
            <line number="26" hits="0" branch="False" />
            <line number="27" hits="0" branch="False" />
            <line number="28" hits="0" branch="False" />
            <line number="29" hits="0" branch="False" />
            <line number="30" hits="0" branch="False" />
            <line number="31" hits="0" branch="False" />
            <line number="32" hits="0" branch="False" />
            <line number="33" hits="0" branch="False" />
            <line number="34" hits="0" branch="False" />
            <line number="35" hits="0" branch="False" />
            <line number="36" hits="0" branch="False" />
            <line number="37" hits="0" branch="False" />
            <line number="38" hits="0" branch="False" />
            <line number="39" hits="0" branch="False" />
            <line number="40" hits="0" branch="False" />
            <line number="41" hits="0" branch="False" />
            <line number="42" hits="0" branch="False" />
            <line number="43" hits="0" branch="False" />
            <line number="44" hits="0" branch="False" />
            <line number="45" hits="0" branch="False" />
            <line number="46" hits="0" branch="False" />
            <line number="48" hits="0" branch="False" />
            <line number="49" hits="0" branch="False" />
            <line number="50" hits="0" branch="False" />
            <line number="51" hits="0" branch="False" />
            <line number="52" hits="0" branch="False" />
            <line number="53" hits="0" branch="False" />
            <line number="54" hits="0" branch="False" />
            <line number="55" hits="0" branch="False" />
            <line number="56" hits="0" branch="False" />
            <line number="57" hits="0" branch="False" />
            <line number="58" hits="0" branch="False" />
            <line number="59" hits="0" branch="False" />
            <line number="60" hits="0" branch="False" />
            <line number="61" hits="0" branch="False" />
            <line number="62" hits="0" branch="False" />
            <line number="64" hits="0" branch="False" />
            <line number="65" hits="0" branch="False" />
            <line number="66" hits="0" branch="False" />
            <line number="67" hits="0" branch="False" />
            <line number="68" hits="0" branch="False" />
            <line number="69" hits="0" branch="False" />
            <line number="70" hits="0" branch="False" />
            <line number="71" hits="0" branch="False" />
            <line number="72" hits="0" branch="False" />
            <line number="73" hits="0" branch="False" />
            <line number="75" hits="0" branch="False" />
            <line number="76" hits="0" branch="False" />
            <line number="77" hits="0" branch="False" />
            <line number="78" hits="0" branch="False" />
            <line number="80" hits="0" branch="False" />
          </lines>
        </class>
      </classes>
    </package>
  </packages>
</coverage>